<?xml version="1.0" encoding="UTF-8"?>
<!-- Generated by org.testng.reporters.JUnitReportReporter -->
<testsuite skipped="0" hostname="AjVivoBook" name="tests.DeleteProjects" tests="1" failures="0" timestamp="14 Jan 2023 13:56:52 GMT" time="0.594" errors="0">
  <testcase name="deleteProjects" time="0.594" classname="tests.DeleteProjects"/>
</testsuite> <!-- tests.DeleteProjects -->
