<?xml version="1.0" encoding="UTF-8"?>
<!-- Generated by org.testng.reporters.JUnitReportReporter -->
<testsuite skipped="0" hostname="AjVivoBook" name="tests.SaveUIdata" tests="1" failures="0" timestamp="14 Jan 2023 13:39:10 GMT" time="0.508" errors="0">
  <testcase name="createProjetcts" time="0.508" classname="tests.SaveUIdata"/>
</testsuite> <!-- tests.SaveUIdata -->
